[1.693s] Invoking command in '/home/skadewdl3/Projects/eyrc_hb/hb_task1b_ws/src/hb_task_1b': CONDA_PROMPT_MODIFIER=(eyantra) PYTHONPATH=/home/skadewdl3/Projects/eyrc_hb/hb_task1b_ws/build/hb_task_1b/prefix_override:/home/skadewdl3/Projects/eyrc_hb/hb_task1b_ws/install/hb_task_1b/lib/python3.10/site-packages:${PYTHONPATH} /home/skadewdl3/miniconda3/envs/eyantra/bin/python3.10 setup.py egg_info --egg-base ../../build/hb_task_1b build --build-base /home/skadewdl3/Projects/eyrc_hb/hb_task1b_ws/build/hb_task_1b/build install --record /home/skadewdl3/Projects/eyrc_hb/hb_task1b_ws/build/hb_task_1b/install.log --single-version-externally-managed
[2.089s] running egg_info
[2.110s] writing ../../build/hb_task_1b/hb_task_1b.egg-info/PKG-INFO
[2.111s] writing dependency_links to ../../build/hb_task_1b/hb_task_1b.egg-info/dependency_links.txt
[2.111s] writing entry points to ../../build/hb_task_1b/hb_task_1b.egg-info/entry_points.txt
[2.112s] writing requirements to ../../build/hb_task_1b/hb_task_1b.egg-info/requires.txt
[2.112s] writing top-level names to ../../build/hb_task_1b/hb_task_1b.egg-info/top_level.txt
[2.156s] reading manifest file '../../build/hb_task_1b/hb_task_1b.egg-info/SOURCES.txt'
[2.158s] writing manifest file '../../build/hb_task_1b/hb_task_1b.egg-info/SOURCES.txt'
[2.159s] running build
[2.159s] running build_py
[2.160s] running install
[2.161s] /home/skadewdl3/miniconda3/envs/eyantra/lib/python3.10/site-packages/setuptools/_distutils/cmd.py:66: SetuptoolsDeprecationWarning: setup.py install is deprecated.
[2.161s] !!
[2.161s] 
[2.161s]         ********************************************************************************
[2.161s]         Please avoid running ``setup.py`` directly.
[2.161s]         Instead, use pypa/build, pypa/installer or other
[2.161s]         standards-based tools.
[2.161s] 
[2.162s]         See https://blog.ganssle.io/articles/2021/10/setup-py-deprecated.html for details.
[2.162s]         ********************************************************************************
[2.162s] 
[2.162s] !!
[2.162s]   self.initialize_options()
[2.173s] running install_lib
[2.195s] running install_data
[2.211s] copying launch/hb_task1b.launch.py -> /home/skadewdl3/Projects/eyrc_hb/hb_task1b_ws/install/hb_task_1b/share/hb_task_1b/launch
[2.211s] running install_egg_info
[2.229s] removing '/home/skadewdl3/Projects/eyrc_hb/hb_task1b_ws/install/hb_task_1b/lib/python3.10/site-packages/hb_task_1b-0.0.0-py3.10.egg-info' (and everything under it)
[2.230s] Copying ../../build/hb_task_1b/hb_task_1b.egg-info to /home/skadewdl3/Projects/eyrc_hb/hb_task1b_ws/install/hb_task_1b/lib/python3.10/site-packages/hb_task_1b-0.0.0-py3.10.egg-info
[2.231s] running install_scripts
[2.382s] Installing controller script to /home/skadewdl3/Projects/eyrc_hb/hb_task1b_ws/install/hb_task_1b/lib/hb_task_1b
[2.382s] Installing service_node script to /home/skadewdl3/Projects/eyrc_hb/hb_task1b_ws/install/hb_task_1b/lib/hb_task_1b
[2.383s] writing list of installed files to '/home/skadewdl3/Projects/eyrc_hb/hb_task1b_ws/build/hb_task_1b/install.log'
[2.434s] Invoked command in '/home/skadewdl3/Projects/eyrc_hb/hb_task1b_ws/src/hb_task_1b' returned '0': CONDA_PROMPT_MODIFIER=(eyantra) PYTHONPATH=/home/skadewdl3/Projects/eyrc_hb/hb_task1b_ws/build/hb_task_1b/prefix_override:/home/skadewdl3/Projects/eyrc_hb/hb_task1b_ws/install/hb_task_1b/lib/python3.10/site-packages:${PYTHONPATH} /home/skadewdl3/miniconda3/envs/eyantra/bin/python3.10 setup.py egg_info --egg-base ../../build/hb_task_1b build --build-base /home/skadewdl3/Projects/eyrc_hb/hb_task1b_ws/build/hb_task_1b/build install --record /home/skadewdl3/Projects/eyrc_hb/hb_task1b_ws/build/hb_task_1b/install.log --single-version-externally-managed
