[1.754s] Invoking command in '/home/skadewdl3/Projects/eyrc_hb/hb_task1b_ws/src/hb_task_1b': PYTHONPATH=/home/skadewdl3/Projects/eyrc_hb/hb_task1b_ws/build/hb_task_1b/prefix_override:/home/skadewdl3/Projects/eyrc_hb/hb_task1b_ws/install/hb_task_1b/lib/python3.10/site-packages:${PYTHONPATH} /usr/bin/python3 setup.py egg_info --egg-base ../../build/hb_task_1b build --build-base /home/skadewdl3/Projects/eyrc_hb/hb_task1b_ws/build/hb_task_1b/build install --record /home/skadewdl3/Projects/eyrc_hb/hb_task1b_ws/build/hb_task_1b/install.log --single-version-externally-managed
[2.436s] running egg_info
[2.439s] writing ../../build/hb_task_1b/hb_task_1b.egg-info/PKG-INFO
[2.440s] writing dependency_links to ../../build/hb_task_1b/hb_task_1b.egg-info/dependency_links.txt
[2.440s] writing entry points to ../../build/hb_task_1b/hb_task_1b.egg-info/entry_points.txt
[2.440s] writing requirements to ../../build/hb_task_1b/hb_task_1b.egg-info/requires.txt
[2.441s] writing top-level names to ../../build/hb_task_1b/hb_task_1b.egg-info/top_level.txt
[2.444s] reading manifest file '../../build/hb_task_1b/hb_task_1b.egg-info/SOURCES.txt'
[2.446s] writing manifest file '../../build/hb_task_1b/hb_task_1b.egg-info/SOURCES.txt'
[2.447s] running build
[2.447s] running build_py
[2.448s] running install
[2.448s] /usr/lib/python3/dist-packages/setuptools/command/install.py:34: SetuptoolsDeprecationWarning: setup.py install is deprecated. Use build and pip and other standards-based tools.
[2.448s]   warnings.warn(
[2.448s] running install_lib
[2.450s] running install_data
[2.452s] running install_egg_info
[2.457s] removing '/home/skadewdl3/Projects/eyrc_hb/hb_task1b_ws/install/hb_task_1b/lib/python3.10/site-packages/hb_task_1b-0.0.0-py3.10.egg-info' (and everything under it)
[2.458s] Copying ../../build/hb_task_1b/hb_task_1b.egg-info to /home/skadewdl3/Projects/eyrc_hb/hb_task1b_ws/install/hb_task_1b/lib/python3.10/site-packages/hb_task_1b-0.0.0-py3.10.egg-info
[2.459s] running install_scripts
[2.507s] Installing gazebo.launch.py script to /home/skadewdl3/Projects/eyrc_hb/hb_task1b_ws/install/hb_task_1b/lib/hb_task_1b
[2.508s] writing list of installed files to '/home/skadewdl3/Projects/eyrc_hb/hb_task1b_ws/build/hb_task_1b/install.log'
[2.669s] Invoked command in '/home/skadewdl3/Projects/eyrc_hb/hb_task1b_ws/src/hb_task_1b' returned '0': PYTHONPATH=/home/skadewdl3/Projects/eyrc_hb/hb_task1b_ws/build/hb_task_1b/prefix_override:/home/skadewdl3/Projects/eyrc_hb/hb_task1b_ws/install/hb_task_1b/lib/python3.10/site-packages:${PYTHONPATH} /usr/bin/python3 setup.py egg_info --egg-base ../../build/hb_task_1b build --build-base /home/skadewdl3/Projects/eyrc_hb/hb_task1b_ws/build/hb_task_1b/build install --record /home/skadewdl3/Projects/eyrc_hb/hb_task1b_ws/build/hb_task_1b/install.log --single-version-externally-managed
