[1.273s] Invoking command in '/home/skadewdl3/Projects/eyrc_hb/hb_task1b_ws/src/hb_task_1b': CONDA_PROMPT_MODIFIER=(eyantra) PYTHONPATH=/home/skadewdl3/Projects/eyrc_hb/hb_task1b_ws/build/hb_task_1b/prefix_override:/home/skadewdl3/Projects/eyrc_hb/hb_task1b_ws/install/hb_task_1b/lib/python3.10/site-packages:${PYTHONPATH} /home/skadewdl3/miniconda3/envs/eyantra/bin/python3.10 setup.py egg_info --egg-base ../../build/hb_task_1b build --build-base /home/skadewdl3/Projects/eyrc_hb/hb_task1b_ws/build/hb_task_1b/build install --record /home/skadewdl3/Projects/eyrc_hb/hb_task1b_ws/build/hb_task_1b/install.log --single-version-externally-managed
[1.651s] running egg_info
[1.685s] writing ../../build/hb_task_1b/hb_task_1b.egg-info/PKG-INFO
[1.687s] writing dependency_links to ../../build/hb_task_1b/hb_task_1b.egg-info/dependency_links.txt
[1.687s] writing entry points to ../../build/hb_task_1b/hb_task_1b.egg-info/entry_points.txt
[1.687s] writing requirements to ../../build/hb_task_1b/hb_task_1b.egg-info/requires.txt
[1.687s] writing top-level names to ../../build/hb_task_1b/hb_task_1b.egg-info/top_level.txt
[1.769s] reading manifest file '../../build/hb_task_1b/hb_task_1b.egg-info/SOURCES.txt'
[1.775s] writing manifest file '../../build/hb_task_1b/hb_task_1b.egg-info/SOURCES.txt'
[1.775s] running build
[1.776s] running build_py
[1.776s] copying hb_task_1b/service_node.py -> /home/skadewdl3/Projects/eyrc_hb/hb_task1b_ws/build/hb_task_1b/build/lib/hb_task_1b
[1.777s] copying hb_task_1b/controller.py -> /home/skadewdl3/Projects/eyrc_hb/hb_task1b_ws/build/hb_task_1b/build/lib/hb_task_1b
[1.778s] running install
[1.779s] /home/skadewdl3/miniconda3/envs/eyantra/lib/python3.10/site-packages/setuptools/_distutils/cmd.py:66: SetuptoolsDeprecationWarning: setup.py install is deprecated.
[1.779s] !!
[1.780s] 
[1.780s]         ********************************************************************************
[1.781s]         Please avoid running ``setup.py`` directly.
[1.781s]         Instead, use pypa/build, pypa/installer or other
[1.781s]         standards-based tools.
[1.782s] 
[1.782s]         See https://blog.ganssle.io/articles/2021/10/setup-py-deprecated.html for details.
[1.782s]         ********************************************************************************
[1.783s] 
[1.783s] !!
[1.783s]   self.initialize_options()
[1.811s] running install_lib
[1.867s] copying /home/skadewdl3/Projects/eyrc_hb/hb_task1b_ws/build/hb_task_1b/build/lib/hb_task_1b/service_node.py -> /home/skadewdl3/Projects/eyrc_hb/hb_task1b_ws/install/hb_task_1b/lib/python3.10/site-packages/hb_task_1b
[1.868s] copying /home/skadewdl3/Projects/eyrc_hb/hb_task1b_ws/build/hb_task_1b/build/lib/hb_task_1b/controller.py -> /home/skadewdl3/Projects/eyrc_hb/hb_task1b_ws/install/hb_task_1b/lib/python3.10/site-packages/hb_task_1b
[1.870s] byte-compiling /home/skadewdl3/Projects/eyrc_hb/hb_task1b_ws/install/hb_task_1b/lib/python3.10/site-packages/hb_task_1b/service_node.py to service_node.cpython-310.pyc
[1.877s] byte-compiling /home/skadewdl3/Projects/eyrc_hb/hb_task1b_ws/install/hb_task_1b/lib/python3.10/site-packages/hb_task_1b/controller.py to controller.cpython-310.pyc
[1.883s] running install_data
[1.930s] copying launch/hb_task1b.launch.py -> /home/skadewdl3/Projects/eyrc_hb/hb_task1b_ws/install/hb_task_1b/share/hb_task_1b/launch
[1.932s] running install_egg_info
[1.985s] removing '/home/skadewdl3/Projects/eyrc_hb/hb_task1b_ws/install/hb_task_1b/lib/python3.10/site-packages/hb_task_1b-0.0.0-py3.10.egg-info' (and everything under it)
[1.987s] Copying ../../build/hb_task_1b/hb_task_1b.egg-info to /home/skadewdl3/Projects/eyrc_hb/hb_task1b_ws/install/hb_task_1b/lib/python3.10/site-packages/hb_task_1b-0.0.0-py3.10.egg-info
[1.990s] running install_scripts
[2.352s] Installing controller script to /home/skadewdl3/Projects/eyrc_hb/hb_task1b_ws/install/hb_task_1b/lib/hb_task_1b
[2.353s] Installing service_node script to /home/skadewdl3/Projects/eyrc_hb/hb_task1b_ws/install/hb_task_1b/lib/hb_task_1b
[2.354s] writing list of installed files to '/home/skadewdl3/Projects/eyrc_hb/hb_task1b_ws/build/hb_task_1b/install.log'
[2.441s] Invoked command in '/home/skadewdl3/Projects/eyrc_hb/hb_task1b_ws/src/hb_task_1b' returned '0': CONDA_PROMPT_MODIFIER=(eyantra) PYTHONPATH=/home/skadewdl3/Projects/eyrc_hb/hb_task1b_ws/build/hb_task_1b/prefix_override:/home/skadewdl3/Projects/eyrc_hb/hb_task1b_ws/install/hb_task_1b/lib/python3.10/site-packages:${PYTHONPATH} /home/skadewdl3/miniconda3/envs/eyantra/bin/python3.10 setup.py egg_info --egg-base ../../build/hb_task_1b build --build-base /home/skadewdl3/Projects/eyrc_hb/hb_task1b_ws/build/hb_task_1b/build install --record /home/skadewdl3/Projects/eyrc_hb/hb_task1b_ws/build/hb_task_1b/install.log --single-version-externally-managed
