[0.791s] Invoking command in '/home/aniket/eyrc_hb/hb_task1b_ws/src/hb_task_1b': PYTHONPATH=/home/aniket/eyrc_hb/hb_task1b_ws/build/hb_task_1b/prefix_override:/home/aniket/eyrc_hb/hb_task1b_ws/install/hb_task_1b/lib/python3.10/site-packages:${PYTHONPATH} /usr/bin/python3 setup.py egg_info --egg-base ../../build/hb_task_1b build --build-base /home/aniket/eyrc_hb/hb_task1b_ws/build/hb_task_1b/build install --record /home/aniket/eyrc_hb/hb_task1b_ws/build/hb_task_1b/install.log --single-version-externally-managed
[1.045s] running egg_info
[1.045s] creating ../../build/hb_task_1b/hb_task_1b.egg-info
[1.046s] writing ../../build/hb_task_1b/hb_task_1b.egg-info/PKG-INFO
[1.046s] writing dependency_links to ../../build/hb_task_1b/hb_task_1b.egg-info/dependency_links.txt
[1.046s] writing entry points to ../../build/hb_task_1b/hb_task_1b.egg-info/entry_points.txt
[1.047s] writing requirements to ../../build/hb_task_1b/hb_task_1b.egg-info/requires.txt
[1.047s] writing top-level names to ../../build/hb_task_1b/hb_task_1b.egg-info/top_level.txt
[1.047s] writing manifest file '../../build/hb_task_1b/hb_task_1b.egg-info/SOURCES.txt'
[1.049s] reading manifest file '../../build/hb_task_1b/hb_task_1b.egg-info/SOURCES.txt'
[1.049s] writing manifest file '../../build/hb_task_1b/hb_task_1b.egg-info/SOURCES.txt'
[1.050s] running build
[1.050s] running build_py
[1.050s] creating /home/aniket/eyrc_hb/hb_task1b_ws/build/hb_task_1b/build
[1.050s] creating /home/aniket/eyrc_hb/hb_task1b_ws/build/hb_task_1b/build/lib
[1.050s] creating /home/aniket/eyrc_hb/hb_task1b_ws/build/hb_task_1b/build/lib/hb_task_1b
[1.050s] copying hb_task_1b/__init__.py -> /home/aniket/eyrc_hb/hb_task1b_ws/build/hb_task_1b/build/lib/hb_task_1b
[1.050s] running install
[1.050s] running install_lib
[1.051s] creating /home/aniket/eyrc_hb/hb_task1b_ws/install/hb_task_1b/lib/python3.10/site-packages/hb_task_1b
[1.051s] copying /home/aniket/eyrc_hb/hb_task1b_ws/build/hb_task_1b/build/lib/hb_task_1b/__init__.py -> /home/aniket/eyrc_hb/hb_task1b_ws/install/hb_task_1b/lib/python3.10/site-packages/hb_task_1b
[1.051s] byte-compiling /home/aniket/eyrc_hb/hb_task1b_ws/install/hb_task_1b/lib/python3.10/site-packages/hb_task_1b/__init__.py to __init__.cpython-310.pyc
[1.052s] running install_data
[1.052s] creating /home/aniket/eyrc_hb/hb_task1b_ws/install/hb_task_1b/share/ament_index
[1.052s] creating /home/aniket/eyrc_hb/hb_task1b_ws/install/hb_task_1b/share/ament_index/resource_index
[1.052s] creating /home/aniket/eyrc_hb/hb_task1b_ws/install/hb_task_1b/share/ament_index/resource_index/packages
[1.052s] copying resource/hb_task_1b -> /home/aniket/eyrc_hb/hb_task1b_ws/install/hb_task_1b/share/ament_index/resource_index/packages
[1.052s] copying package.xml -> /home/aniket/eyrc_hb/hb_task1b_ws/install/hb_task_1b/share/hb_task_1b
[1.052s] creating /home/aniket/eyrc_hb/hb_task1b_ws/install/hb_task_1b/share/hb_task_1b/launch
[1.052s] copying launch/gazebo.launch.py -> /home/aniket/eyrc_hb/hb_task1b_ws/install/hb_task_1b/share/hb_task_1b/launch
[1.053s] copying launch/hb_task1b.launch.py -> /home/aniket/eyrc_hb/hb_task1b_ws/install/hb_task_1b/share/hb_task_1b/launch
[1.053s] creating /home/aniket/eyrc_hb/hb_task1b_ws/install/hb_task_1b/share/hb_task_1b/urdf
[1.053s] copying urdf/materials.xacro -> /home/aniket/eyrc_hb/hb_task1b_ws/install/hb_task_1b/share/hb_task_1b/urdf
[1.053s] copying urdf/hb_bot.urdf.xacro -> /home/aniket/eyrc_hb/hb_task1b_ws/install/hb_task_1b/share/hb_task_1b/urdf
[1.053s] creating /home/aniket/eyrc_hb/hb_task1b_ws/install/hb_task_1b/share/hb_task_1b/meshes
[1.053s] copying meshes/eyantra_logo.png -> /home/aniket/eyrc_hb/hb_task1b_ws/install/hb_task_1b/share/hb_task_1b/meshes
[1.053s] copying meshes/wheel.stl -> /home/aniket/eyrc_hb/hb_task1b_ws/install/hb_task_1b/share/hb_task_1b/meshes
[1.060s] copying meshes/base.dae -> /home/aniket/eyrc_hb/hb_task1b_ws/install/hb_task_1b/share/hb_task_1b/meshes
[1.062s] copying meshes/17eyantra_logo_large e.png -> /home/aniket/eyrc_hb/hb_task1b_ws/install/hb_task_1b/share/hb_task_1b/meshes
[1.062s] creating /home/aniket/eyrc_hb/hb_task1b_ws/install/hb_task_1b/share/hb_task_1b/worlds
[1.062s] copying worlds/gazebo.world -> /home/aniket/eyrc_hb/hb_task1b_ws/install/hb_task_1b/share/hb_task_1b/worlds
[1.062s] running install_egg_info
[1.064s] Copying ../../build/hb_task_1b/hb_task_1b.egg-info to /home/aniket/eyrc_hb/hb_task1b_ws/install/hb_task_1b/lib/python3.10/site-packages/hb_task_1b-0.0.0-py3.10.egg-info
[1.065s] running install_scripts
[1.086s] Installing gazebo.launch.py script to /home/aniket/eyrc_hb/hb_task1b_ws/install/hb_task_1b/lib/hb_task_1b
[1.087s] writing list of installed files to '/home/aniket/eyrc_hb/hb_task1b_ws/build/hb_task_1b/install.log'
[1.116s] Invoked command in '/home/aniket/eyrc_hb/hb_task1b_ws/src/hb_task_1b' returned '0': PYTHONPATH=/home/aniket/eyrc_hb/hb_task1b_ws/build/hb_task_1b/prefix_override:/home/aniket/eyrc_hb/hb_task1b_ws/install/hb_task_1b/lib/python3.10/site-packages:${PYTHONPATH} /usr/bin/python3 setup.py egg_info --egg-base ../../build/hb_task_1b build --build-base /home/aniket/eyrc_hb/hb_task1b_ws/build/hb_task_1b/build install --record /home/aniket/eyrc_hb/hb_task1b_ws/build/hb_task_1b/install.log --single-version-externally-managed
