[0.868s] Invoking command in '/home/aniket/eyrc_hb/hb_task1b_ws/src/hb_task_1b': PYTHONPATH=/home/aniket/eyrc_hb/hb_task1b_ws/build/hb_task_1b/prefix_override:/home/aniket/eyrc_hb/hb_task1b_ws/install/hb_task_1b/lib/python3.10/site-packages:${PYTHONPATH} /usr/bin/python3 setup.py egg_info --egg-base ../../build/hb_task_1b build --build-base /home/aniket/eyrc_hb/hb_task1b_ws/build/hb_task_1b/build install --record /home/aniket/eyrc_hb/hb_task1b_ws/build/hb_task_1b/install.log --single-version-externally-managed
[1.162s] running egg_info
[1.163s] writing ../../build/hb_task_1b/hb_task_1b.egg-info/PKG-INFO
[1.163s] writing dependency_links to ../../build/hb_task_1b/hb_task_1b.egg-info/dependency_links.txt
[1.163s] writing entry points to ../../build/hb_task_1b/hb_task_1b.egg-info/entry_points.txt
[1.164s] writing requirements to ../../build/hb_task_1b/hb_task_1b.egg-info/requires.txt
[1.164s] writing top-level names to ../../build/hb_task_1b/hb_task_1b.egg-info/top_level.txt
[1.166s] reading manifest file '../../build/hb_task_1b/hb_task_1b.egg-info/SOURCES.txt'
[1.167s] writing manifest file '../../build/hb_task_1b/hb_task_1b.egg-info/SOURCES.txt'
[1.167s] running build
[1.167s] running build_py
[1.167s] running install
[1.167s] running install_lib
[1.169s] running install_data
[1.169s] running install_egg_info
[1.171s] removing '/home/aniket/eyrc_hb/hb_task1b_ws/install/hb_task_1b/lib/python3.10/site-packages/hb_task_1b-0.0.0-py3.10.egg-info' (and everything under it)
[1.171s] Copying ../../build/hb_task_1b/hb_task_1b.egg-info to /home/aniket/eyrc_hb/hb_task1b_ws/install/hb_task_1b/lib/python3.10/site-packages/hb_task_1b-0.0.0-py3.10.egg-info
[1.173s] running install_scripts
[1.204s] Installing gazebo.launch.py script to /home/aniket/eyrc_hb/hb_task1b_ws/install/hb_task_1b/lib/hb_task_1b
[1.205s] writing list of installed files to '/home/aniket/eyrc_hb/hb_task1b_ws/build/hb_task_1b/install.log'
[1.298s] Invoked command in '/home/aniket/eyrc_hb/hb_task1b_ws/src/hb_task_1b' returned '0': PYTHONPATH=/home/aniket/eyrc_hb/hb_task1b_ws/build/hb_task_1b/prefix_override:/home/aniket/eyrc_hb/hb_task1b_ws/install/hb_task_1b/lib/python3.10/site-packages:${PYTHONPATH} /usr/bin/python3 setup.py egg_info --egg-base ../../build/hb_task_1b build --build-base /home/aniket/eyrc_hb/hb_task1b_ws/build/hb_task_1b/build install --record /home/aniket/eyrc_hb/hb_task1b_ws/build/hb_task_1b/install.log --single-version-externally-managed
