[0.919s] Invoking command in '/home/skadewdl3/Projects/eyrc_hb/hb_task1b_ws/src/hb_task_1b': PYTHONPATH=/home/skadewdl3/Projects/eyrc_hb/hb_task1b_ws/build/hb_task_1b/prefix_override:/home/skadewdl3/Projects/eyrc_hb/hb_task1b_ws/install/hb_task_1b/lib/python3.10/site-packages:${PYTHONPATH} /usr/bin/python3 setup.py egg_info --egg-base ../../build/hb_task_1b build --build-base /home/skadewdl3/Projects/eyrc_hb/hb_task1b_ws/build/hb_task_1b/build install --record /home/skadewdl3/Projects/eyrc_hb/hb_task1b_ws/build/hb_task_1b/install.log --single-version-externally-managed
[1.246s] running egg_info
[1.247s] creating ../../build/hb_task_1b/hb_task_1b.egg-info
[1.247s] writing ../../build/hb_task_1b/hb_task_1b.egg-info/PKG-INFO
[1.248s] writing dependency_links to ../../build/hb_task_1b/hb_task_1b.egg-info/dependency_links.txt
[1.248s] writing entry points to ../../build/hb_task_1b/hb_task_1b.egg-info/entry_points.txt
[1.248s] writing requirements to ../../build/hb_task_1b/hb_task_1b.egg-info/requires.txt
[1.248s] writing top-level names to ../../build/hb_task_1b/hb_task_1b.egg-info/top_level.txt
[1.248s] writing manifest file '../../build/hb_task_1b/hb_task_1b.egg-info/SOURCES.txt'
[1.251s] reading manifest file '../../build/hb_task_1b/hb_task_1b.egg-info/SOURCES.txt'
[1.252s] writing manifest file '../../build/hb_task_1b/hb_task_1b.egg-info/SOURCES.txt'
[1.252s] running build
[1.252s] running build_py
[1.252s] creating /home/skadewdl3/Projects/eyrc_hb/hb_task1b_ws/build/hb_task_1b/build
[1.253s] creating /home/skadewdl3/Projects/eyrc_hb/hb_task1b_ws/build/hb_task_1b/build/lib
[1.253s] creating /home/skadewdl3/Projects/eyrc_hb/hb_task1b_ws/build/hb_task_1b/build/lib/hb_task_1b
[1.253s] copying hb_task_1b/__init__.py -> /home/skadewdl3/Projects/eyrc_hb/hb_task1b_ws/build/hb_task_1b/build/lib/hb_task_1b
[1.253s] running install
[1.253s] /usr/lib/python3/dist-packages/setuptools/command/install.py:34: SetuptoolsDeprecationWarning: setup.py install is deprecated. Use build and pip and other standards-based tools.
[1.254s]   warnings.warn(
[1.254s] running install_lib
[1.256s] running install_data
[1.257s] running install_egg_info
[1.259s] removing '/home/skadewdl3/Projects/eyrc_hb/hb_task1b_ws/install/hb_task_1b/lib/python3.10/site-packages/hb_task_1b-0.0.0-py3.10.egg-info' (and everything under it)
[1.260s] Copying ../../build/hb_task_1b/hb_task_1b.egg-info to /home/skadewdl3/Projects/eyrc_hb/hb_task1b_ws/install/hb_task_1b/lib/python3.10/site-packages/hb_task_1b-0.0.0-py3.10.egg-info
[1.261s] running install_scripts
[1.293s] Installing gazebo.launch.py script to /home/skadewdl3/Projects/eyrc_hb/hb_task1b_ws/install/hb_task_1b/lib/hb_task_1b
[1.294s] writing list of installed files to '/home/skadewdl3/Projects/eyrc_hb/hb_task1b_ws/build/hb_task_1b/install.log'
[1.331s] Invoked command in '/home/skadewdl3/Projects/eyrc_hb/hb_task1b_ws/src/hb_task_1b' returned '0': PYTHONPATH=/home/skadewdl3/Projects/eyrc_hb/hb_task1b_ws/build/hb_task_1b/prefix_override:/home/skadewdl3/Projects/eyrc_hb/hb_task1b_ws/install/hb_task_1b/lib/python3.10/site-packages:${PYTHONPATH} /usr/bin/python3 setup.py egg_info --egg-base ../../build/hb_task_1b build --build-base /home/skadewdl3/Projects/eyrc_hb/hb_task1b_ws/build/hb_task_1b/build install --record /home/skadewdl3/Projects/eyrc_hb/hb_task1b_ws/build/hb_task_1b/install.log --single-version-externally-managed
