[0.703s] Invoking command in '/home/skadewdl3/Projects/eyrc_hb/hb_task1b_ws/build/my_robot_interfaces': CMAKE_PREFIX_PATH=${CMAKE_PREFIX_PATH}:/home/skadewdl3/Projects/eyrc_hb/hb_task1b_ws/install/hb_task_1b:/opt/ros/humble /usr/bin/cmake --build /home/skadewdl3/Projects/eyrc_hb/hb_task1b_ws/build/my_robot_interfaces -- -j16 -l16
[0.794s] [  3%] Built target my_robot_interfaces__cpp
[0.795s] [ 12%] Built target my_robot_interfaces__rosidl_generator_c
[0.812s] [ 12%] Built target ament_cmake_python_copy_my_robot_interfaces
[0.845s] [ 22%] Built target my_robot_interfaces__rosidl_typesupport_introspection_cpp
[0.845s] [ 32%] Built target my_robot_interfaces__rosidl_typesupport_fastrtps_cpp
[0.855s] [ 41%] Built target my_robot_interfaces__rosidl_typesupport_cpp
[0.866s] [ 51%] Built target my_robot_interfaces__rosidl_typesupport_fastrtps_c
[0.870s] [ 61%] Built target my_robot_interfaces__rosidl_typesupport_introspection_c
[0.873s] [ 70%] Built target my_robot_interfaces__rosidl_typesupport_c
[0.919s] [ 70%] Built target my_robot_interfaces
[0.966s] [ 74%] Built target my_robot_interfaces__py
[1.013s] [ 80%] Built target my_robot_interfaces__rosidl_generator_py
[1.069s] [ 87%] Built target my_robot_interfaces__rosidl_typesupport_fastrtps_c__pyext
[1.070s] [ 93%] Built target my_robot_interfaces__rosidl_typesupport_introspection_c__pyext
[1.087s] [100%] Built target my_robot_interfaces__rosidl_typesupport_c__pyext
[1.503s] running egg_info
[1.507s] writing my_robot_interfaces.egg-info/PKG-INFO
[1.509s] writing dependency_links to my_robot_interfaces.egg-info/dependency_links.txt
[1.510s] writing top-level names to my_robot_interfaces.egg-info/top_level.txt
[1.519s] reading manifest file 'my_robot_interfaces.egg-info/SOURCES.txt'
[1.522s] writing manifest file 'my_robot_interfaces.egg-info/SOURCES.txt'
[1.626s] [100%] Built target ament_cmake_python_build_my_robot_interfaces_egg
[1.657s] Invoked command in '/home/skadewdl3/Projects/eyrc_hb/hb_task1b_ws/build/my_robot_interfaces' returned '0': CMAKE_PREFIX_PATH=${CMAKE_PREFIX_PATH}:/home/skadewdl3/Projects/eyrc_hb/hb_task1b_ws/install/hb_task_1b:/opt/ros/humble /usr/bin/cmake --build /home/skadewdl3/Projects/eyrc_hb/hb_task1b_ws/build/my_robot_interfaces -- -j16 -l16
[1.943s] Invoking command in '/home/skadewdl3/Projects/eyrc_hb/hb_task1b_ws/build/my_robot_interfaces': CMAKE_PREFIX_PATH=${CMAKE_PREFIX_PATH}:/home/skadewdl3/Projects/eyrc_hb/hb_task1b_ws/install/hb_task_1b:/opt/ros/humble /usr/bin/cmake --install /home/skadewdl3/Projects/eyrc_hb/hb_task1b_ws/build/my_robot_interfaces
[1.978s] -- Install configuration: ""
[1.978s] -- Up-to-date: /home/skadewdl3/Projects/eyrc_hb/hb_task1b_ws/install/my_robot_interfaces/share/ament_index/resource_index/rosidl_interfaces/my_robot_interfaces
[1.979s] -- Up-to-date: /home/skadewdl3/Projects/eyrc_hb/hb_task1b_ws/install/my_robot_interfaces/include/my_robot_interfaces/my_robot_interfaces
[1.979s] -- Up-to-date: /home/skadewdl3/Projects/eyrc_hb/hb_task1b_ws/install/my_robot_interfaces/include/my_robot_interfaces/my_robot_interfaces/msg
[1.979s] -- Up-to-date: /home/skadewdl3/Projects/eyrc_hb/hb_task1b_ws/install/my_robot_interfaces/include/my_robot_interfaces/my_robot_interfaces/msg/rosidl_generator_c__visibility_control.h
[1.979s] -- Up-to-date: /home/skadewdl3/Projects/eyrc_hb/hb_task1b_ws/install/my_robot_interfaces/include/my_robot_interfaces/my_robot_interfaces/srv
[1.979s] -- Up-to-date: /home/skadewdl3/Projects/eyrc_hb/hb_task1b_ws/install/my_robot_interfaces/include/my_robot_interfaces/my_robot_interfaces/srv/next_goal.h
[1.980s] -- Up-to-date: /home/skadewdl3/Projects/eyrc_hb/hb_task1b_ws/install/my_robot_interfaces/include/my_robot_interfaces/my_robot_interfaces/srv/detail
[1.980s] -- Up-to-date: /home/skadewdl3/Projects/eyrc_hb/hb_task1b_ws/install/my_robot_interfaces/include/my_robot_interfaces/my_robot_interfaces/srv/detail/next_goal__struct.h
[1.980s] -- Up-to-date: /home/skadewdl3/Projects/eyrc_hb/hb_task1b_ws/install/my_robot_interfaces/include/my_robot_interfaces/my_robot_interfaces/srv/detail/next_goal__functions.c
[1.980s] -- Up-to-date: /home/skadewdl3/Projects/eyrc_hb/hb_task1b_ws/install/my_robot_interfaces/include/my_robot_interfaces/my_robot_interfaces/srv/detail/next_goal__type_support.h
[1.981s] -- Up-to-date: /home/skadewdl3/Projects/eyrc_hb/hb_task1b_ws/install/my_robot_interfaces/include/my_robot_interfaces/my_robot_interfaces/srv/detail/next_goal__functions.h
[1.981s] -- Up-to-date: /home/skadewdl3/Projects/eyrc_hb/hb_task1b_ws/install/my_robot_interfaces/share/my_robot_interfaces/environment/library_path.sh
[1.981s] -- Up-to-date: /home/skadewdl3/Projects/eyrc_hb/hb_task1b_ws/install/my_robot_interfaces/share/my_robot_interfaces/environment/library_path.dsv
[1.982s] -- Up-to-date: /home/skadewdl3/Projects/eyrc_hb/hb_task1b_ws/install/my_robot_interfaces/lib/libmy_robot_interfaces__rosidl_generator_c.so
[1.982s] -- Up-to-date: /home/skadewdl3/Projects/eyrc_hb/hb_task1b_ws/install/my_robot_interfaces/include/my_robot_interfaces/my_robot_interfaces
[1.982s] -- Up-to-date: /home/skadewdl3/Projects/eyrc_hb/hb_task1b_ws/install/my_robot_interfaces/include/my_robot_interfaces/my_robot_interfaces/msg
[1.982s] -- Up-to-date: /home/skadewdl3/Projects/eyrc_hb/hb_task1b_ws/install/my_robot_interfaces/include/my_robot_interfaces/my_robot_interfaces/msg/rosidl_typesupport_fastrtps_c__visibility_control.h
[1.982s] -- Up-to-date: /home/skadewdl3/Projects/eyrc_hb/hb_task1b_ws/install/my_robot_interfaces/include/my_robot_interfaces/my_robot_interfaces/srv
[1.983s] -- Up-to-date: /home/skadewdl3/Projects/eyrc_hb/hb_task1b_ws/install/my_robot_interfaces/include/my_robot_interfaces/my_robot_interfaces/srv/detail
[1.983s] -- Up-to-date: /home/skadewdl3/Projects/eyrc_hb/hb_task1b_ws/install/my_robot_interfaces/include/my_robot_interfaces/my_robot_interfaces/srv/detail/next_goal__rosidl_typesupport_fastrtps_c.h
[1.984s] -- Up-to-date: /home/skadewdl3/Projects/eyrc_hb/hb_task1b_ws/install/my_robot_interfaces/lib/libmy_robot_interfaces__rosidl_typesupport_fastrtps_c.so
[1.985s] -- Up-to-date: /home/skadewdl3/Projects/eyrc_hb/hb_task1b_ws/install/my_robot_interfaces/include/my_robot_interfaces/my_robot_interfaces
[1.985s] -- Up-to-date: /home/skadewdl3/Projects/eyrc_hb/hb_task1b_ws/install/my_robot_interfaces/include/my_robot_interfaces/my_robot_interfaces/msg
[1.985s] -- Up-to-date: /home/skadewdl3/Projects/eyrc_hb/hb_task1b_ws/install/my_robot_interfaces/include/my_robot_interfaces/my_robot_interfaces/msg/rosidl_typesupport_introspection_c__visibility_control.h
[1.986s] -- Up-to-date: /home/skadewdl3/Projects/eyrc_hb/hb_task1b_ws/install/my_robot_interfaces/include/my_robot_interfaces/my_robot_interfaces/srv
[1.986s] -- Up-to-date: /home/skadewdl3/Projects/eyrc_hb/hb_task1b_ws/install/my_robot_interfaces/include/my_robot_interfaces/my_robot_interfaces/srv/detail
[1.986s] -- Up-to-date: /home/skadewdl3/Projects/eyrc_hb/hb_task1b_ws/install/my_robot_interfaces/include/my_robot_interfaces/my_robot_interfaces/srv/detail/next_goal__type_support.c
[1.987s] -- Up-to-date: /home/skadewdl3/Projects/eyrc_hb/hb_task1b_ws/install/my_robot_interfaces/include/my_robot_interfaces/my_robot_interfaces/srv/detail/next_goal__rosidl_typesupport_introspection_c.h
[1.987s] -- Up-to-date: /home/skadewdl3/Projects/eyrc_hb/hb_task1b_ws/install/my_robot_interfaces/lib/libmy_robot_interfaces__rosidl_typesupport_introspection_c.so
[1.988s] -- Up-to-date: /home/skadewdl3/Projects/eyrc_hb/hb_task1b_ws/install/my_robot_interfaces/lib/libmy_robot_interfaces__rosidl_typesupport_c.so
[1.988s] -- Up-to-date: /home/skadewdl3/Projects/eyrc_hb/hb_task1b_ws/install/my_robot_interfaces/include/my_robot_interfaces/my_robot_interfaces
[1.989s] -- Up-to-date: /home/skadewdl3/Projects/eyrc_hb/hb_task1b_ws/install/my_robot_interfaces/include/my_robot_interfaces/my_robot_interfaces/srv
[1.989s] -- Up-to-date: /home/skadewdl3/Projects/eyrc_hb/hb_task1b_ws/install/my_robot_interfaces/include/my_robot_interfaces/my_robot_interfaces/srv/next_goal.hpp
[1.989s] -- Up-to-date: /home/skadewdl3/Projects/eyrc_hb/hb_task1b_ws/install/my_robot_interfaces/include/my_robot_interfaces/my_robot_interfaces/srv/detail
[1.989s] -- Up-to-date: /home/skadewdl3/Projects/eyrc_hb/hb_task1b_ws/install/my_robot_interfaces/include/my_robot_interfaces/my_robot_interfaces/srv/detail/next_goal__struct.hpp
[1.989s] -- Up-to-date: /home/skadewdl3/Projects/eyrc_hb/hb_task1b_ws/install/my_robot_interfaces/include/my_robot_interfaces/my_robot_interfaces/srv/detail/next_goal__traits.hpp
[1.990s] -- Up-to-date: /home/skadewdl3/Projects/eyrc_hb/hb_task1b_ws/install/my_robot_interfaces/include/my_robot_interfaces/my_robot_interfaces/srv/detail/next_goal__builder.hpp
[1.990s] -- Up-to-date: /home/skadewdl3/Projects/eyrc_hb/hb_task1b_ws/install/my_robot_interfaces/include/my_robot_interfaces/my_robot_interfaces
[1.990s] -- Up-to-date: /home/skadewdl3/Projects/eyrc_hb/hb_task1b_ws/install/my_robot_interfaces/include/my_robot_interfaces/my_robot_interfaces/msg
[1.990s] -- Up-to-date: /home/skadewdl3/Projects/eyrc_hb/hb_task1b_ws/install/my_robot_interfaces/include/my_robot_interfaces/my_robot_interfaces/msg/rosidl_typesupport_fastrtps_cpp__visibility_control.h
[1.990s] -- Up-to-date: /home/skadewdl3/Projects/eyrc_hb/hb_task1b_ws/install/my_robot_interfaces/include/my_robot_interfaces/my_robot_interfaces/srv
[1.991s] -- Up-to-date: /home/skadewdl3/Projects/eyrc_hb/hb_task1b_ws/install/my_robot_interfaces/include/my_robot_interfaces/my_robot_interfaces/srv/detail
[1.991s] -- Up-to-date: /home/skadewdl3/Projects/eyrc_hb/hb_task1b_ws/install/my_robot_interfaces/include/my_robot_interfaces/my_robot_interfaces/srv/detail/next_goal__rosidl_typesupport_fastrtps_cpp.hpp
[1.991s] -- Up-to-date: /home/skadewdl3/Projects/eyrc_hb/hb_task1b_ws/install/my_robot_interfaces/include/my_robot_interfaces/my_robot_interfaces/srv/detail/dds_fastrtps
[1.991s] -- Up-to-date: /home/skadewdl3/Projects/eyrc_hb/hb_task1b_ws/install/my_robot_interfaces/lib/libmy_robot_interfaces__rosidl_typesupport_fastrtps_cpp.so
[1.992s] -- Up-to-date: /home/skadewdl3/Projects/eyrc_hb/hb_task1b_ws/install/my_robot_interfaces/include/my_robot_interfaces/my_robot_interfaces
[1.992s] -- Up-to-date: /home/skadewdl3/Projects/eyrc_hb/hb_task1b_ws/install/my_robot_interfaces/include/my_robot_interfaces/my_robot_interfaces/srv
[1.992s] -- Up-to-date: /home/skadewdl3/Projects/eyrc_hb/hb_task1b_ws/install/my_robot_interfaces/include/my_robot_interfaces/my_robot_interfaces/srv/detail
[1.992s] -- Up-to-date: /home/skadewdl3/Projects/eyrc_hb/hb_task1b_ws/install/my_robot_interfaces/include/my_robot_interfaces/my_robot_interfaces/srv/detail/next_goal__rosidl_typesupport_introspection_cpp.hpp
[1.992s] -- Up-to-date: /home/skadewdl3/Projects/eyrc_hb/hb_task1b_ws/install/my_robot_interfaces/include/my_robot_interfaces/my_robot_interfaces/srv/detail/next_goal__type_support.cpp
[1.992s] -- Up-to-date: /home/skadewdl3/Projects/eyrc_hb/hb_task1b_ws/install/my_robot_interfaces/lib/libmy_robot_interfaces__rosidl_typesupport_introspection_cpp.so
[1.992s] -- Up-to-date: /home/skadewdl3/Projects/eyrc_hb/hb_task1b_ws/install/my_robot_interfaces/lib/libmy_robot_interfaces__rosidl_typesupport_cpp.so
[1.993s] -- Up-to-date: /home/skadewdl3/Projects/eyrc_hb/hb_task1b_ws/install/my_robot_interfaces/share/my_robot_interfaces/environment/pythonpath.sh
[1.993s] -- Up-to-date: /home/skadewdl3/Projects/eyrc_hb/hb_task1b_ws/install/my_robot_interfaces/share/my_robot_interfaces/environment/pythonpath.dsv
[1.993s] -- Up-to-date: /home/skadewdl3/Projects/eyrc_hb/hb_task1b_ws/install/my_robot_interfaces/local/lib/python3.10/dist-packages/my_robot_interfaces-0.0.0-py3.10.egg-info
[1.993s] -- Installing: /home/skadewdl3/Projects/eyrc_hb/hb_task1b_ws/install/my_robot_interfaces/local/lib/python3.10/dist-packages/my_robot_interfaces-0.0.0-py3.10.egg-info/top_level.txt
[1.993s] -- Installing: /home/skadewdl3/Projects/eyrc_hb/hb_task1b_ws/install/my_robot_interfaces/local/lib/python3.10/dist-packages/my_robot_interfaces-0.0.0-py3.10.egg-info/SOURCES.txt
[1.993s] -- Installing: /home/skadewdl3/Projects/eyrc_hb/hb_task1b_ws/install/my_robot_interfaces/local/lib/python3.10/dist-packages/my_robot_interfaces-0.0.0-py3.10.egg-info/dependency_links.txt
[1.993s] -- Installing: /home/skadewdl3/Projects/eyrc_hb/hb_task1b_ws/install/my_robot_interfaces/local/lib/python3.10/dist-packages/my_robot_interfaces-0.0.0-py3.10.egg-info/PKG-INFO
[1.993s] -- Up-to-date: /home/skadewdl3/Projects/eyrc_hb/hb_task1b_ws/install/my_robot_interfaces/local/lib/python3.10/dist-packages/my_robot_interfaces
[1.994s] -- Up-to-date: /home/skadewdl3/Projects/eyrc_hb/hb_task1b_ws/install/my_robot_interfaces/local/lib/python3.10/dist-packages/my_robot_interfaces/libmy_robot_interfaces__rosidl_generator_py.so
[1.994s] -- Up-to-date: /home/skadewdl3/Projects/eyrc_hb/hb_task1b_ws/install/my_robot_interfaces/local/lib/python3.10/dist-packages/my_robot_interfaces/my_robot_interfaces_s__rosidl_typesupport_fastrtps_c.cpython-310-x86_64-linux-gnu.so
[1.994s] -- Up-to-date: /home/skadewdl3/Projects/eyrc_hb/hb_task1b_ws/install/my_robot_interfaces/local/lib/python3.10/dist-packages/my_robot_interfaces/_my_robot_interfaces_s.ep.rosidl_typesupport_c.c
[1.994s] -- Up-to-date: /home/skadewdl3/Projects/eyrc_hb/hb_task1b_ws/install/my_robot_interfaces/local/lib/python3.10/dist-packages/my_robot_interfaces/my_robot_interfaces_s__rosidl_typesupport_introspection_c.cpython-310-x86_64-linux-gnu.so
[1.994s] -- Up-to-date: /home/skadewdl3/Projects/eyrc_hb/hb_task1b_ws/install/my_robot_interfaces/local/lib/python3.10/dist-packages/my_robot_interfaces/__init__.py
[1.994s] -- Up-to-date: /home/skadewdl3/Projects/eyrc_hb/hb_task1b_ws/install/my_robot_interfaces/local/lib/python3.10/dist-packages/my_robot_interfaces/_my_robot_interfaces_s.ep.rosidl_typesupport_introspection_c.c
[1.994s] -- Up-to-date: /home/skadewdl3/Projects/eyrc_hb/hb_task1b_ws/install/my_robot_interfaces/local/lib/python3.10/dist-packages/my_robot_interfaces/srv
[1.994s] -- Up-to-date: /home/skadewdl3/Projects/eyrc_hb/hb_task1b_ws/install/my_robot_interfaces/local/lib/python3.10/dist-packages/my_robot_interfaces/srv/_next_goal_s.c
[1.994s] -- Up-to-date: /home/skadewdl3/Projects/eyrc_hb/hb_task1b_ws/install/my_robot_interfaces/local/lib/python3.10/dist-packages/my_robot_interfaces/srv/__init__.py
[1.995s] -- Up-to-date: /home/skadewdl3/Projects/eyrc_hb/hb_task1b_ws/install/my_robot_interfaces/local/lib/python3.10/dist-packages/my_robot_interfaces/srv/_next_goal.py
[1.995s] -- Up-to-date: /home/skadewdl3/Projects/eyrc_hb/hb_task1b_ws/install/my_robot_interfaces/local/lib/python3.10/dist-packages/my_robot_interfaces/my_robot_interfaces_s__rosidl_typesupport_c.cpython-310-x86_64-linux-gnu.so
[1.995s] -- Up-to-date: /home/skadewdl3/Projects/eyrc_hb/hb_task1b_ws/install/my_robot_interfaces/local/lib/python3.10/dist-packages/my_robot_interfaces/_my_robot_interfaces_s.ep.rosidl_typesupport_fastrtps_c.c
[2.066s] Listing '/home/skadewdl3/Projects/eyrc_hb/hb_task1b_ws/install/my_robot_interfaces/local/lib/python3.10/dist-packages/my_robot_interfaces'...
[2.067s] Listing '/home/skadewdl3/Projects/eyrc_hb/hb_task1b_ws/install/my_robot_interfaces/local/lib/python3.10/dist-packages/my_robot_interfaces/srv'...
[2.077s] -- Up-to-date: /home/skadewdl3/Projects/eyrc_hb/hb_task1b_ws/install/my_robot_interfaces/local/lib/python3.10/dist-packages/my_robot_interfaces/my_robot_interfaces_s__rosidl_typesupport_fastrtps_c.cpython-310-x86_64-linux-gnu.so
[2.077s] -- Up-to-date: /home/skadewdl3/Projects/eyrc_hb/hb_task1b_ws/install/my_robot_interfaces/local/lib/python3.10/dist-packages/my_robot_interfaces/my_robot_interfaces_s__rosidl_typesupport_introspection_c.cpython-310-x86_64-linux-gnu.so
[2.078s] -- Up-to-date: /home/skadewdl3/Projects/eyrc_hb/hb_task1b_ws/install/my_robot_interfaces/local/lib/python3.10/dist-packages/my_robot_interfaces/my_robot_interfaces_s__rosidl_typesupport_c.cpython-310-x86_64-linux-gnu.so
[2.079s] -- Up-to-date: /home/skadewdl3/Projects/eyrc_hb/hb_task1b_ws/install/my_robot_interfaces/lib/libmy_robot_interfaces__rosidl_generator_py.so
[2.079s] -- Up-to-date: /home/skadewdl3/Projects/eyrc_hb/hb_task1b_ws/install/my_robot_interfaces/share/my_robot_interfaces/srv/NextGoal.idl
[2.080s] -- Up-to-date: /home/skadewdl3/Projects/eyrc_hb/hb_task1b_ws/install/my_robot_interfaces/share/my_robot_interfaces/srv/NextGoal.srv
[2.080s] -- Up-to-date: /home/skadewdl3/Projects/eyrc_hb/hb_task1b_ws/install/my_robot_interfaces/share/my_robot_interfaces/srv/NextGoal_Request.msg
[2.081s] -- Up-to-date: /home/skadewdl3/Projects/eyrc_hb/hb_task1b_ws/install/my_robot_interfaces/share/my_robot_interfaces/srv/NextGoal_Response.msg
[2.082s] -- Up-to-date: /home/skadewdl3/Projects/eyrc_hb/hb_task1b_ws/install/my_robot_interfaces/share/ament_index/resource_index/package_run_dependencies/my_robot_interfaces
[2.082s] -- Up-to-date: /home/skadewdl3/Projects/eyrc_hb/hb_task1b_ws/install/my_robot_interfaces/share/ament_index/resource_index/parent_prefix_path/my_robot_interfaces
[2.083s] -- Up-to-date: /home/skadewdl3/Projects/eyrc_hb/hb_task1b_ws/install/my_robot_interfaces/share/my_robot_interfaces/environment/ament_prefix_path.sh
[2.083s] -- Up-to-date: /home/skadewdl3/Projects/eyrc_hb/hb_task1b_ws/install/my_robot_interfaces/share/my_robot_interfaces/environment/ament_prefix_path.dsv
[2.083s] -- Up-to-date: /home/skadewdl3/Projects/eyrc_hb/hb_task1b_ws/install/my_robot_interfaces/share/my_robot_interfaces/environment/path.sh
[2.083s] -- Up-to-date: /home/skadewdl3/Projects/eyrc_hb/hb_task1b_ws/install/my_robot_interfaces/share/my_robot_interfaces/environment/path.dsv
[2.084s] -- Up-to-date: /home/skadewdl3/Projects/eyrc_hb/hb_task1b_ws/install/my_robot_interfaces/share/my_robot_interfaces/local_setup.bash
[2.085s] -- Up-to-date: /home/skadewdl3/Projects/eyrc_hb/hb_task1b_ws/install/my_robot_interfaces/share/my_robot_interfaces/local_setup.sh
[2.085s] -- Up-to-date: /home/skadewdl3/Projects/eyrc_hb/hb_task1b_ws/install/my_robot_interfaces/share/my_robot_interfaces/local_setup.zsh
[2.085s] -- Up-to-date: /home/skadewdl3/Projects/eyrc_hb/hb_task1b_ws/install/my_robot_interfaces/share/my_robot_interfaces/local_setup.dsv
[2.086s] -- Installing: /home/skadewdl3/Projects/eyrc_hb/hb_task1b_ws/install/my_robot_interfaces/share/my_robot_interfaces/package.dsv
[2.087s] -- Up-to-date: /home/skadewdl3/Projects/eyrc_hb/hb_task1b_ws/install/my_robot_interfaces/share/ament_index/resource_index/packages/my_robot_interfaces
[2.087s] -- Up-to-date: /home/skadewdl3/Projects/eyrc_hb/hb_task1b_ws/install/my_robot_interfaces/share/my_robot_interfaces/cmake/export_my_robot_interfaces__rosidl_generator_cExport.cmake
[2.088s] -- Up-to-date: /home/skadewdl3/Projects/eyrc_hb/hb_task1b_ws/install/my_robot_interfaces/share/my_robot_interfaces/cmake/export_my_robot_interfaces__rosidl_generator_cExport-noconfig.cmake
[2.088s] -- Up-to-date: /home/skadewdl3/Projects/eyrc_hb/hb_task1b_ws/install/my_robot_interfaces/share/my_robot_interfaces/cmake/export_my_robot_interfaces__rosidl_typesupport_fastrtps_cExport.cmake
[2.088s] -- Up-to-date: /home/skadewdl3/Projects/eyrc_hb/hb_task1b_ws/install/my_robot_interfaces/share/my_robot_interfaces/cmake/export_my_robot_interfaces__rosidl_typesupport_fastrtps_cExport-noconfig.cmake
[2.089s] -- Up-to-date: /home/skadewdl3/Projects/eyrc_hb/hb_task1b_ws/install/my_robot_interfaces/share/my_robot_interfaces/cmake/my_robot_interfaces__rosidl_typesupport_introspection_cExport.cmake
[2.089s] -- Up-to-date: /home/skadewdl3/Projects/eyrc_hb/hb_task1b_ws/install/my_robot_interfaces/share/my_robot_interfaces/cmake/my_robot_interfaces__rosidl_typesupport_introspection_cExport-noconfig.cmake
[2.089s] -- Up-to-date: /home/skadewdl3/Projects/eyrc_hb/hb_task1b_ws/install/my_robot_interfaces/share/my_robot_interfaces/cmake/my_robot_interfaces__rosidl_typesupport_cExport.cmake
[2.090s] -- Up-to-date: /home/skadewdl3/Projects/eyrc_hb/hb_task1b_ws/install/my_robot_interfaces/share/my_robot_interfaces/cmake/my_robot_interfaces__rosidl_typesupport_cExport-noconfig.cmake
[2.090s] -- Up-to-date: /home/skadewdl3/Projects/eyrc_hb/hb_task1b_ws/install/my_robot_interfaces/share/my_robot_interfaces/cmake/export_my_robot_interfaces__rosidl_generator_cppExport.cmake
[2.090s] -- Up-to-date: /home/skadewdl3/Projects/eyrc_hb/hb_task1b_ws/install/my_robot_interfaces/share/my_robot_interfaces/cmake/export_my_robot_interfaces__rosidl_typesupport_fastrtps_cppExport.cmake
[2.091s] -- Up-to-date: /home/skadewdl3/Projects/eyrc_hb/hb_task1b_ws/install/my_robot_interfaces/share/my_robot_interfaces/cmake/export_my_robot_interfaces__rosidl_typesupport_fastrtps_cppExport-noconfig.cmake
[2.091s] -- Up-to-date: /home/skadewdl3/Projects/eyrc_hb/hb_task1b_ws/install/my_robot_interfaces/share/my_robot_interfaces/cmake/my_robot_interfaces__rosidl_typesupport_introspection_cppExport.cmake
[2.091s] -- Up-to-date: /home/skadewdl3/Projects/eyrc_hb/hb_task1b_ws/install/my_robot_interfaces/share/my_robot_interfaces/cmake/my_robot_interfaces__rosidl_typesupport_introspection_cppExport-noconfig.cmake
[2.091s] -- Up-to-date: /home/skadewdl3/Projects/eyrc_hb/hb_task1b_ws/install/my_robot_interfaces/share/my_robot_interfaces/cmake/my_robot_interfaces__rosidl_typesupport_cppExport.cmake
[2.092s] -- Up-to-date: /home/skadewdl3/Projects/eyrc_hb/hb_task1b_ws/install/my_robot_interfaces/share/my_robot_interfaces/cmake/my_robot_interfaces__rosidl_typesupport_cppExport-noconfig.cmake
[2.092s] -- Up-to-date: /home/skadewdl3/Projects/eyrc_hb/hb_task1b_ws/install/my_robot_interfaces/share/my_robot_interfaces/cmake/export_my_robot_interfaces__rosidl_generator_pyExport.cmake
[2.092s] -- Up-to-date: /home/skadewdl3/Projects/eyrc_hb/hb_task1b_ws/install/my_robot_interfaces/share/my_robot_interfaces/cmake/export_my_robot_interfaces__rosidl_generator_pyExport-noconfig.cmake
[2.093s] -- Up-to-date: /home/skadewdl3/Projects/eyrc_hb/hb_task1b_ws/install/my_robot_interfaces/share/my_robot_interfaces/cmake/rosidl_cmake-extras.cmake
[2.093s] -- Up-to-date: /home/skadewdl3/Projects/eyrc_hb/hb_task1b_ws/install/my_robot_interfaces/share/my_robot_interfaces/cmake/ament_cmake_export_include_directories-extras.cmake
[2.093s] -- Up-to-date: /home/skadewdl3/Projects/eyrc_hb/hb_task1b_ws/install/my_robot_interfaces/share/my_robot_interfaces/cmake/ament_cmake_export_libraries-extras.cmake
[2.094s] -- Up-to-date: /home/skadewdl3/Projects/eyrc_hb/hb_task1b_ws/install/my_robot_interfaces/share/my_robot_interfaces/cmake/ament_cmake_export_targets-extras.cmake
[2.095s] -- Up-to-date: /home/skadewdl3/Projects/eyrc_hb/hb_task1b_ws/install/my_robot_interfaces/share/my_robot_interfaces/cmake/rosidl_cmake_export_typesupport_targets-extras.cmake
[2.096s] -- Up-to-date: /home/skadewdl3/Projects/eyrc_hb/hb_task1b_ws/install/my_robot_interfaces/share/my_robot_interfaces/cmake/ament_cmake_export_dependencies-extras.cmake
[2.097s] -- Up-to-date: /home/skadewdl3/Projects/eyrc_hb/hb_task1b_ws/install/my_robot_interfaces/share/my_robot_interfaces/cmake/rosidl_cmake_export_typesupport_libraries-extras.cmake
[2.098s] -- Up-to-date: /home/skadewdl3/Projects/eyrc_hb/hb_task1b_ws/install/my_robot_interfaces/share/my_robot_interfaces/cmake/my_robot_interfacesConfig.cmake
[2.099s] -- Up-to-date: /home/skadewdl3/Projects/eyrc_hb/hb_task1b_ws/install/my_robot_interfaces/share/my_robot_interfaces/cmake/my_robot_interfacesConfig-version.cmake
[2.100s] -- Up-to-date: /home/skadewdl3/Projects/eyrc_hb/hb_task1b_ws/install/my_robot_interfaces/share/my_robot_interfaces/package.xml
[2.101s] Invoked command in '/home/skadewdl3/Projects/eyrc_hb/hb_task1b_ws/build/my_robot_interfaces' returned '0': CMAKE_PREFIX_PATH=${CMAKE_PREFIX_PATH}:/home/skadewdl3/Projects/eyrc_hb/hb_task1b_ws/install/hb_task_1b:/opt/ros/humble /usr/bin/cmake --install /home/skadewdl3/Projects/eyrc_hb/hb_task1b_ws/build/my_robot_interfaces
