[1.656s] Invoking command in '/home/skadewdl3/Projects/eyrc_hb/hb_task1b_ws/src/hb_task_1b': PYTHONPATH=/home/skadewdl3/Projects/eyrc_hb/hb_task1b_ws/build/hb_task_1b/prefix_override:/home/skadewdl3/Projects/eyrc_hb/hb_task1b_ws/install/hb_task_1b/lib/python3.10/site-packages:${PYTHONPATH} /usr/bin/python3 setup.py egg_info --egg-base ../../build/hb_task_1b build --build-base /home/skadewdl3/Projects/eyrc_hb/hb_task1b_ws/build/hb_task_1b/build install --record /home/skadewdl3/Projects/eyrc_hb/hb_task1b_ws/build/hb_task_1b/install.log --single-version-externally-managed
[2.071s] running egg_info
[2.072s] writing ../../build/hb_task_1b/hb_task_1b.egg-info/PKG-INFO
[2.073s] writing dependency_links to ../../build/hb_task_1b/hb_task_1b.egg-info/dependency_links.txt
[2.073s] writing entry points to ../../build/hb_task_1b/hb_task_1b.egg-info/entry_points.txt
[2.073s] writing requirements to ../../build/hb_task_1b/hb_task_1b.egg-info/requires.txt
[2.073s] writing top-level names to ../../build/hb_task_1b/hb_task_1b.egg-info/top_level.txt
[2.076s] reading manifest file '../../build/hb_task_1b/hb_task_1b.egg-info/SOURCES.txt'
[2.078s] writing manifest file '../../build/hb_task_1b/hb_task_1b.egg-info/SOURCES.txt'
[2.078s] running build
[2.078s] running build_py
[2.078s] running install
[2.078s] /usr/lib/python3/dist-packages/setuptools/command/install.py:34: SetuptoolsDeprecationWarning: setup.py install is deprecated. Use build and pip and other standards-based tools.
[2.079s]   warnings.warn(
[2.079s] running install_lib
[2.081s] running install_data
[2.082s] copying launch/hb_task1b.launch.py -> /home/skadewdl3/Projects/eyrc_hb/hb_task1b_ws/install/hb_task_1b/share/hb_task_1b/launch
[2.082s] running install_egg_info
[2.085s] removing '/home/skadewdl3/Projects/eyrc_hb/hb_task1b_ws/install/hb_task_1b/lib/python3.10/site-packages/hb_task_1b-0.0.0-py3.10.egg-info' (and everything under it)
[2.086s] Copying ../../build/hb_task_1b/hb_task_1b.egg-info to /home/skadewdl3/Projects/eyrc_hb/hb_task1b_ws/install/hb_task_1b/lib/python3.10/site-packages/hb_task_1b-0.0.0-py3.10.egg-info
[2.086s] running install_scripts
[2.123s] Installing controller script to /home/skadewdl3/Projects/eyrc_hb/hb_task1b_ws/install/hb_task_1b/lib/hb_task_1b
[2.123s] Installing service_node script to /home/skadewdl3/Projects/eyrc_hb/hb_task1b_ws/install/hb_task_1b/lib/hb_task_1b
[2.124s] writing list of installed files to '/home/skadewdl3/Projects/eyrc_hb/hb_task1b_ws/build/hb_task_1b/install.log'
[2.162s] Invoked command in '/home/skadewdl3/Projects/eyrc_hb/hb_task1b_ws/src/hb_task_1b' returned '0': PYTHONPATH=/home/skadewdl3/Projects/eyrc_hb/hb_task1b_ws/build/hb_task_1b/prefix_override:/home/skadewdl3/Projects/eyrc_hb/hb_task1b_ws/install/hb_task_1b/lib/python3.10/site-packages:${PYTHONPATH} /usr/bin/python3 setup.py egg_info --egg-base ../../build/hb_task_1b build --build-base /home/skadewdl3/Projects/eyrc_hb/hb_task1b_ws/build/hb_task_1b/build install --record /home/skadewdl3/Projects/eyrc_hb/hb_task1b_ws/build/hb_task_1b/install.log --single-version-externally-managed
